2025-02-24 19:09:59,028 - ERROR - Error copying jbytes: cp: cannot stat '/tmp/results/jbytes.json': No such file or directory

2025-02-24 19:10:00,022 - ERROR - Error copying clak: cp: cannot stat '/tmp/results/clak.json': No such file or directory

2025-02-24 19:10:40,108 - ERROR - Error copying clak: cp: cannot stat '/tmp/results/clak.json': No such file or directory

2025-02-24 19:10:41,971 - ERROR - Error copying sqld: cp: cannot stat '/tmp/results/sqld.json': No such file or directory

2025-02-24 19:10:45,712 - ERROR - Error copying libx: cp: cannot stat '/tmp/results/libx.json': No such file or directory

2025-02-24 19:10:53,488 - ERROR - Error copying jbytes: cp: cannot stat '/tmp/results/jbytes.json': No such file or directory

2025-02-24 19:21:16,416 - ERROR - Error processing sqld: 
2025-02-24 19:21:16,510 - ERROR - Error processing libx: 
2025-02-24 19:21:16,570 - ERROR - Error copying sqld: cp: cannot stat '/tmp/results/sqld.json': No such file or directory

2025-02-24 19:21:16,655 - ERROR - Error processing clak: 
2025-02-24 19:21:16,679 - ERROR - Error copying libx: cp: cannot stat '/tmp/results/libx.json': No such file or directory

2025-02-24 19:21:16,765 - ERROR - Error processing jbytes: 
2025-02-24 19:21:16,848 - ERROR - Error copying clak: cp: cannot stat '/tmp/results/clak.json': No such file or directory

2025-02-24 19:21:16,958 - ERROR - Error copying jbytes: cp: cannot stat '/tmp/results/jbytes.json': No such file or directory

2025-02-24 19:21:57,734 - ERROR - Error copying jbytes: cp: cannot stat '/tmp/results/jbytes.json': No such file or directory

2025-02-24 19:21:59,432 - ERROR - Error copying libx: cp: cannot stat '/tmp/results/libx.json': No such file or directory

2025-02-24 19:21:59,723 - ERROR - Error copying sqld: cp: cannot stat '/tmp/results/sqld.json': No such file or directory

2025-02-24 19:22:01,720 - ERROR - Error copying clak: cp: cannot stat '/tmp/results/clak.json': No such file or directory

2025-02-24 19:22:48,776 - ERROR - Error copying sqld: cp: cannot stat '/tmp/results/sqld.json': No such file or directory

2025-02-24 19:22:49,202 - ERROR - Error copying jbytes: cp: cannot stat '/tmp/results/jbytes.json': No such file or directory

2025-02-24 19:22:49,342 - ERROR - Error copying clak: cp: cannot stat '/tmp/results/clak.json': No such file or directory

2025-02-24 19:23:00,109 - ERROR - Error copying libx: cp: cannot stat '/tmp/results/libx.json': No such file or directory

2025-02-24 19:24:47,221 - ERROR - Error copying clak: cp: cannot stat '/tmp/results/clak.json': No such file or directory

2025-02-24 19:24:47,228 - ERROR - Error copying sqld: cp: cannot stat '/tmp/results/sqld.json': No such file or directory

2025-02-24 19:24:47,233 - ERROR - Error copying libx: cp: cannot stat '/tmp/results/libx.json': No such file or directory

2025-02-24 19:24:47,241 - ERROR - Error copying jbytes: cp: cannot stat '/tmp/results/jbytes.json': No such file or directory

2025-02-24 19:34:50,196 - ERROR - Error copying sqld: cp: cannot stat '/tmp/results/sqld.json': No such file or directory

2025-02-24 19:34:52,142 - ERROR - Error copying clak: cp: cannot stat '/tmp/results/clak.json': No such file or directory

2025-02-24 19:34:53,019 - ERROR - Error copying jbytes: cp: cannot stat '/tmp/results/jbytes.json': No such file or directory

2025-02-24 19:35:05,688 - ERROR - Error copying libx: cp: cannot stat '/tmp/results/libx.json': No such file or directory

